mode: atomic
github.com/KonstantinGasser/sherlock/fs/fs.go:31.29,35.2 1 0
github.com/KonstantinGasser/sherlock/fs/fs.go:38.59,40.2 1 0
github.com/KonstantinGasser/sherlock/fs/fs.go:44.45,45.113 1 1
github.com/KonstantinGasser/sherlock/fs/fs.go:49.2,50.16 2 1
github.com/KonstantinGasser/sherlock/fs/fs.go:53.2,55.66 2 1
github.com/KonstantinGasser/sherlock/fs/fs.go:58.2,58.12 1 1
github.com/KonstantinGasser/sherlock/fs/fs.go:45.113,47.3 1 0
github.com/KonstantinGasser/sherlock/fs/fs.go:50.16,52.3 1 0
github.com/KonstantinGasser/sherlock/fs/fs.go:55.66,57.3 1 0
github.com/KonstantinGasser/sherlock/fs/fs.go:64.63,65.105 1 2
github.com/KonstantinGasser/sherlock/fs/fs.go:68.2,69.16 2 2
github.com/KonstantinGasser/sherlock/fs/fs.go:72.2,74.66 2 2
github.com/KonstantinGasser/sherlock/fs/fs.go:77.2,77.12 1 2
github.com/KonstantinGasser/sherlock/fs/fs.go:65.105,67.3 1 0
github.com/KonstantinGasser/sherlock/fs/fs.go:69.16,71.3 1 0
github.com/KonstantinGasser/sherlock/fs/fs.go:74.66,76.3 1 0
github.com/KonstantinGasser/sherlock/fs/fs.go:80.45,82.16 2 0
github.com/KonstantinGasser/sherlock/fs/fs.go:88.2,88.23 1 0
github.com/KonstantinGasser/sherlock/fs/fs.go:82.16,83.25 1 0
github.com/KonstantinGasser/sherlock/fs/fs.go:86.3,86.13 1 0
github.com/KonstantinGasser/sherlock/fs/fs.go:83.25,85.4 1 0
github.com/KonstantinGasser/sherlock/fs/fs.go:91.46,93.16 2 0
github.com/KonstantinGasser/sherlock/fs/fs.go:99.2,99.23 1 0
github.com/KonstantinGasser/sherlock/fs/fs.go:93.16,94.25 1 0
github.com/KonstantinGasser/sherlock/fs/fs.go:97.3,97.13 1 0
github.com/KonstantinGasser/sherlock/fs/fs.go:94.25,96.4 1 0
github.com/KonstantinGasser/sherlock/fs/fs.go:102.72,103.91 1 1
github.com/KonstantinGasser/sherlock/fs/fs.go:106.2,106.12 1 1
github.com/KonstantinGasser/sherlock/fs/fs.go:103.91,105.3 1 0
github.com/KonstantinGasser/sherlock/fs/fs.go:109.42,111.2 1 0
github.com/KonstantinGasser/sherlock/fs/fs.go:115.42,117.2 1 7
github.com/KonstantinGasser/sherlock/fs/fs.go:119.24,122.2 2 11
github.com/KonstantinGasser/sherlock/internal/group.go:27.44,32.34 2 0
github.com/KonstantinGasser/sherlock/internal/group.go:35.2,35.16 1 0
github.com/KonstantinGasser/sherlock/internal/group.go:32.34,34.3 1 0
github.com/KonstantinGasser/sherlock/internal/group.go:39.48,40.33 1 2
github.com/KonstantinGasser/sherlock/internal/group.go:43.2,44.12 2 1
github.com/KonstantinGasser/sherlock/internal/group.go:40.33,42.3 1 1
github.com/KonstantinGasser/sherlock/internal/group.go:47.61,48.31 1 0
github.com/KonstantinGasser/sherlock/internal/group.go:53.2,53.30 1 0
github.com/KonstantinGasser/sherlock/internal/group.go:48.31,49.28 1 0
github.com/KonstantinGasser/sherlock/internal/group.go:49.28,51.4 1 0
github.com/KonstantinGasser/sherlock/internal/group.go:58.46,60.31 2 0
github.com/KonstantinGasser/sherlock/internal/group.go:65.2,65.19 1 0
github.com/KonstantinGasser/sherlock/internal/group.go:69.2,70.12 2 0
github.com/KonstantinGasser/sherlock/internal/group.go:60.31,61.24 1 0
github.com/KonstantinGasser/sherlock/internal/group.go:61.24,63.4 1 0
github.com/KonstantinGasser/sherlock/internal/group.go:65.19,67.3 1 0
github.com/KonstantinGasser/sherlock/internal/group.go:75.46,76.31 1 2
github.com/KonstantinGasser/sherlock/internal/group.go:81.2,81.14 1 1
github.com/KonstantinGasser/sherlock/internal/group.go:76.31,77.53 1 2
github.com/KonstantinGasser/sherlock/internal/group.go:77.53,79.4 1 1
github.com/KonstantinGasser/sherlock/internal/group.go:84.45,86.2 1 0
github.com/KonstantinGasser/sherlock/internal/group.go:88.30,89.44 1 0
github.com/KonstantinGasser/sherlock/internal/group.go:92.2,92.53 1 0
github.com/KonstantinGasser/sherlock/internal/group.go:95.2,95.12 1 0
github.com/KonstantinGasser/sherlock/internal/group.go:89.44,91.3 1 0
github.com/KonstantinGasser/sherlock/internal/group.go:92.53,94.3 1 0
github.com/KonstantinGasser/sherlock/internal/group.go:99.64,103.34 2 0
github.com/KonstantinGasser/sherlock/internal/group.go:117.2,117.17 1 0
github.com/KonstantinGasser/sherlock/internal/group.go:103.34,104.28 1 0
github.com/KonstantinGasser/sherlock/internal/group.go:109.3,115.5 1 0
github.com/KonstantinGasser/sherlock/internal/group.go:104.28,105.16 1 0
github.com/KonstantinGasser/sherlock/internal/group.go:105.16,106.19 1 0
github.com/KonstantinGasser/sherlock/internal/group.go:120.50,121.31 1 2
github.com/KonstantinGasser/sherlock/internal/group.go:121.31,122.20 1 2
github.com/KonstantinGasser/sherlock/internal/group.go:125.3,125.22 1 2
github.com/KonstantinGasser/sherlock/internal/group.go:122.20,124.4 1 0
github.com/KonstantinGasser/sherlock/internal/sherlock.go:38.43,42.2 1 0
github.com/KonstantinGasser/sherlock/internal/sherlock.go:44.36,45.61 1 1
github.com/KonstantinGasser/sherlock/internal/sherlock.go:48.2,48.61 1 0
github.com/KonstantinGasser/sherlock/internal/sherlock.go:51.2,51.12 1 0
github.com/KonstantinGasser/sherlock/internal/sherlock.go:45.61,47.3 1 1
github.com/KonstantinGasser/sherlock/internal/sherlock.go:48.61,50.3 1 0
github.com/KonstantinGasser/sherlock/internal/sherlock.go:57.50,62.16 2 1
github.com/KonstantinGasser/sherlock/internal/sherlock.go:66.2,66.52 1 1
github.com/KonstantinGasser/sherlock/internal/sherlock.go:69.2,69.12 1 1
github.com/KonstantinGasser/sherlock/internal/sherlock.go:62.16,64.3 1 0
github.com/KonstantinGasser/sherlock/internal/sherlock.go:66.52,68.3 1 0
github.com/KonstantinGasser/sherlock/internal/sherlock.go:74.67,75.45 1 0
github.com/KonstantinGasser/sherlock/internal/sherlock.go:78.2,79.16 2 0
github.com/KonstantinGasser/sherlock/internal/sherlock.go:82.2,83.16 2 0
github.com/KonstantinGasser/sherlock/internal/sherlock.go:86.2,86.47 1 0
github.com/KonstantinGasser/sherlock/internal/sherlock.go:75.45,77.3 1 0
github.com/KonstantinGasser/sherlock/internal/sherlock.go:79.16,81.3 1 0
github.com/KonstantinGasser/sherlock/internal/sherlock.go:83.16,85.3 1 0
github.com/KonstantinGasser/sherlock/internal/sherlock.go:89.51,91.2 1 0
github.com/KonstantinGasser/sherlock/internal/sherlock.go:95.106,97.16 2 0
github.com/KonstantinGasser/sherlock/internal/sherlock.go:100.2,101.71 2 0
github.com/KonstantinGasser/sherlock/internal/sherlock.go:104.2,104.46 1 0
github.com/KonstantinGasser/sherlock/internal/sherlock.go:107.2,108.16 2 0
github.com/KonstantinGasser/sherlock/internal/sherlock.go:111.2,112.16 2 0
github.com/KonstantinGasser/sherlock/internal/sherlock.go:115.2,115.65 1 0
github.com/KonstantinGasser/sherlock/internal/sherlock.go:118.2,118.12 1 0
github.com/KonstantinGasser/sherlock/internal/sherlock.go:97.16,99.3 1 0
github.com/KonstantinGasser/sherlock/internal/sherlock.go:101.71,103.3 1 0
github.com/KonstantinGasser/sherlock/internal/sherlock.go:104.46,106.3 1 0
github.com/KonstantinGasser/sherlock/internal/sherlock.go:108.16,110.3 1 0
github.com/KonstantinGasser/sherlock/internal/sherlock.go:112.16,114.3 1 0
github.com/KonstantinGasser/sherlock/internal/sherlock.go:115.65,117.3 1 0
github.com/KonstantinGasser/sherlock/internal/sherlock.go:121.80,123.16 2 0
github.com/KonstantinGasser/sherlock/internal/sherlock.go:127.2,128.16 2 0
github.com/KonstantinGasser/sherlock/internal/sherlock.go:131.2,131.32 1 0
github.com/KonstantinGasser/sherlock/internal/sherlock.go:123.16,125.3 1 0
github.com/KonstantinGasser/sherlock/internal/sherlock.go:128.16,130.3 1 0
github.com/KonstantinGasser/sherlock/internal/sherlock.go:134.101,136.16 2 0
github.com/KonstantinGasser/sherlock/internal/sherlock.go:140.2,141.67 2 0
github.com/KonstantinGasser/sherlock/internal/sherlock.go:145.2,145.42 1 0
github.com/KonstantinGasser/sherlock/internal/sherlock.go:149.2,150.16 2 0
github.com/KonstantinGasser/sherlock/internal/sherlock.go:153.2,154.16 2 0
github.com/KonstantinGasser/sherlock/internal/sherlock.go:157.2,157.67 1 0
github.com/KonstantinGasser/sherlock/internal/sherlock.go:160.2,160.12 1 0
github.com/KonstantinGasser/sherlock/internal/sherlock.go:136.16,138.3 1 0
github.com/KonstantinGasser/sherlock/internal/sherlock.go:141.67,143.3 1 0
github.com/KonstantinGasser/sherlock/internal/sherlock.go:145.42,147.3 1 0
github.com/KonstantinGasser/sherlock/internal/sherlock.go:150.16,152.3 1 0
github.com/KonstantinGasser/sherlock/internal/sherlock.go:154.16,156.3 1 0
github.com/KonstantinGasser/sherlock/internal/sherlock.go:157.67,159.3 1 0
github.com/KonstantinGasser/sherlock/internal/sherlock.go:163.75,165.16 2 0
github.com/KonstantinGasser/sherlock/internal/sherlock.go:168.2,169.71 2 0
github.com/KonstantinGasser/sherlock/internal/sherlock.go:172.2,172.20 1 0
github.com/KonstantinGasser/sherlock/internal/sherlock.go:165.16,167.3 1 0
github.com/KonstantinGasser/sherlock/internal/sherlock.go:169.71,171.3 1 0
github.com/KonstantinGasser/sherlock/internal/sherlock.go:175.63,177.19 2 0
github.com/KonstantinGasser/sherlock/internal/sherlock.go:180.2,180.17 1 0
github.com/KonstantinGasser/sherlock/internal/sherlock.go:177.19,179.3 1 0
github.com/KonstantinGasser/sherlock/internal/account.go:28.78,36.34 2 5
github.com/KonstantinGasser/sherlock/internal/account.go:40.2,40.14 1 3
github.com/KonstantinGasser/sherlock/internal/account.go:43.2,43.48 1 2
github.com/KonstantinGasser/sherlock/internal/account.go:46.2,46.16 1 1
github.com/KonstantinGasser/sherlock/internal/account.go:36.34,38.3 1 2
github.com/KonstantinGasser/sherlock/internal/account.go:40.14,42.3 1 1
github.com/KonstantinGasser/sherlock/internal/account.go:43.48,45.3 1 1
github.com/KonstantinGasser/sherlock/internal/account.go:49.32,50.44 1 5
github.com/KonstantinGasser/sherlock/internal/account.go:53.2,53.53 1 4
github.com/KonstantinGasser/sherlock/internal/account.go:56.2,56.12 1 3
github.com/KonstantinGasser/sherlock/internal/account.go:50.44,52.3 1 1
github.com/KonstantinGasser/sherlock/internal/account.go:53.53,55.3 1 1
github.com/KonstantinGasser/sherlock/internal/account.go:60.31,62.2 1 2
